<?xml version="1.0" encoding="UTF-8"?>
<!-- Generated by org.testng.reporters.JUnitXMLReporter -->
<testsuite ignored="0" hostname="LAPTOP-DTCTBCM0" failures="0" tests="11" name="Test" time="967.815" errors="0" timestamp="2023-04-14T01:10:38 PDT">
  <testcase classname="com.duobed.TestLayer.CommonExecutionClass" name="firstProductPurchaseFunctionality" time="80.343"/>
  <testcase classname="com.duobed.TestLayer.CommonExecutionClass" name="secondProductPurchaseFunctionality" time="81.344"/>
  <testcase classname="com.duobed.TestLayer.CommonExecutionClass" name="ThirdProductPurchaseFunctionality" time="80.357"/>
  <testcase classname="com.duobed.TestLayer.CommonExecutionClass" name="FourthProductPurchaseFunctionality" time="82.121"/>
  <testcase classname="com.duobed.TestLayer.CommonExecutionClass" name="fifthProductPurchaseFunctionality" time="79.246"/>
  <testcase classname="com.duobed.TestLayer.CommonExecutionClass" name="sixthProductPurchaseFunctionality" time="80.72"/>
  <testcase classname="com.duobed.TestLayer.CommonExecutionClass" name="seventhProductPurchaseFunctionality" time="81.579"/>
  <testcase classname="com.duobed.TestLayer.CommonExecutionClass" name="eightthProductPurchaseFunctionality" time="81.406"/>
  <testcase classname="com.duobed.TestLayer.CommonExecutionClass" name="ninethProductPurchaseFunctionality" time="81.86"/>
  <testcase classname="com.duobed.TestLayer.CommonExecutionClass" name="tenthProductPurchaseFunctionality" time="81.068"/>
  <testcase classname="com.duobed.TestLayer.CommonExecutionClass" name="eleventhProductPurchaseFunctionality" time="76.455"/>
</testsuite> <!-- Test -->
