<?xml version="1.0" encoding="UTF-8"?>
<!-- Generated by org.testng.reporters.JUnitXMLReporter -->
<testsuite ignored="0" hostname="LAPTOP-DTCTBCM0" failures="0" tests="2" name="Test1" time="182.408" errors="0" timestamp="2023-04-13T19:24:02 PDT">
  <testcase classname="com.duobed.TestLayer.CommonExecutionClass" name="firstProductPurchaseFunctionality" time="83.861"/>
  <testcase classname="com.duobed.TestLayer.CommonExecutionClass" name="secondProductPurchaseFunctionality" time="85.521"/>
</testsuite> <!-- Test1 -->
